2026-04-25T01:08:41: 
2026-04-25T01:08:41: ======== laser-helius | active summary ========
2026-04-25T01:08:41: Whale feed: Helius Laserstream PREPROCESSED (instruction-decode) -> laserstream-mainnet-sgp.helius-rpc.com | 9 wallet monitored
2026-04-25T01:08:41: Solana RPC: beta.helius-rpc.com | commitment processed
2026-04-25T01:08:41: Laserstream tx commitment: PREPROCESSED (no meta — decoder reads instruction data only, ~50–150ms earlier than confirmed)
2026-04-25T01:08:41: Jupiter: https://lite-api.jup.ag/swap/v1 | mode metis_instructions | x-api-key: yes (5, rotating) | warmup quote: on
2026-04-25T01:08:41: Copy: buy 0.02 SOL | min whale buy 0.01 SOL | rebuy on max 4x | follow whale SELL off (sell 100%) | multi-leg net-follow on ratio<=0.25 | slippage 50 bps | persistent WSOL on | startup prewrap on target 1 SOL reserve 0.08 SOL
2026-04-25T01:08:41: Execution: processed | sender helius | tip buy:400000 sell:700000 | fast-ack on | max 3 parallel swap | dedup whale tx 0 ms
2026-04-25T01:08:41: Telegram: on | command polling: yes
2026-04-25T01:08:41: Debug: WHALE_DEBUG pipeline on (verbose)
2026-04-25T01:08:41: Latency log: on
2026-04-25T01:08:41: Perf cache: wallet SOL/token TTL 200ms
2026-04-25T01:08:41: ==============================================
2026-04-25T01:08:41: 
2026-04-25T01:08:41: [priority-fee] refreshed 10000 µlamports (raw=10000)
2026-04-25T01:08:41: [warmup] endpoint latency: helius-sender=27ms rpc=27ms
2026-04-25T01:08:41: [wsol-tracker] init balance=0.587774 SOL
2026-04-25T01:08:41: [wallet] BOT_PUBLIC_KEY=2g3ryt9AZoyPMpPGDprzdp3Hjv2p8iaDuT9RGme6Forb
2026-04-25T01:08:41: [wallet] SOL balance (RPC confirmed): 0.079995 SOL
2026-04-25T01:08:41: [pnl] baseline captured sol=0.079995 (first run)
2026-04-25T01:08:42: [history] helius tx restore: pages=1 fetched=0 added=0 skipped=0
2026-04-25T01:08:42: [laser-helius] Telegram: startup summary delivered
2026-04-25T01:08:42: [laser-helius] starting whale listener (Laserstream / WSS)…
2026-04-25T01:08:42: [laserstream-pp] subscribed PREPROCESSED · 9 whale(s) · endpoint laserstream-mainnet-sgp.helius-rpc.com
2026-04-25T01:08:42: [whale-debug] preprocessed instruction-decode pipeline (no meta — sellFraction = full balance)
2026-04-25T01:08:42: [laser-helius] whale listener connected
2026-04-25T01:08:42: [pool-stream] subscribed PROCESSED pools=0
2026-04-25T01:08:42: [laser-helius] pool account stream connected
2026-04-25T01:08:42: [auto-sell] watcher enabled globalTtl=120min overrides=1 check=60s
2026-04-25T01:08:42: [control] API listening on 127.0.0.1:9092
2026-04-25T01:08:43: [priority-fee] refreshed 10000 µlamports (raw=10000)
2026-04-25T01:08:45: [priority-fee] refreshed 10000 µlamports (raw=10000)
2026-04-25T01:08:47: [priority-fee] refreshed 10000 µlamports (raw=10000)
2026-04-25T01:08:49: [priority-fee] refreshed 10000 µlamports (raw=10000)
2026-04-25T01:08:51: [priority-fee] refreshed 10000 µlamports (raw=10000)
2026-04-25T01:08:53: [priority-fee] refreshed 10000 µlamports (raw=10000)
2026-04-25T01:08:55: [priority-fee] refreshed 10000 µlamports (raw=10000)
2026-04-25T01:08:55: [whale-debug] [feed:laserstream-pp] whale:tx BUY amount=0.020000 SOL token=95Uvheez... protocol=UNKNOWN
2026-04-25T01:08:55: [whale-debug] emit signal:trade BUY protocol=UNKNOWN feed=grpc-pp whale=C2AYZQAU... token=95Uvheez...
2026-04-25T01:08:55: [whale-debug] prebuild cache HIT side=BUY token=95Uvheez... waitMs=32 -> skip duplicate Jupiter call
2026-04-25T01:08:55: [latency] pipeline=58ms ingestDetect=9ms ingestSignal=11ms ingestTotal=67ms signalQueue=2ms execTotal=20ms quoteBuild=32ms deserialize=1ms tipInject=3ms tipLamports=400000 sign=5ms serialize=0ms send=6ms status=submitted feed=grpc-pp sender=helius whale=C2AY...
2026-04-25T01:08:57: [priority-fee] refreshed 10000 µlamports (raw=10000)
2026-04-25T01:08:59: [priority-fee] refreshed 10000 µlamports (raw=10000)
2026-04-25T01:09:00: [whale-debug] [feed:laserstream-pp] whale:tx SELL amount=0.000000 SOL token=95Uvheez... protocol=UNKNOWN
2026-04-25T01:09:00: [whale-debug] emit signal:trade SELL protocol=UNKNOWN feed=grpc-pp whale=C2AYZQAU... token=95Uvheez...
2026-04-25T01:09:00: [whale-debug] prebuild cache HIT side=SELL token=95Uvheez... waitMs=26 -> skip duplicate Jupiter call
2026-04-25T01:09:00: [latency] pipeline=43ms ingestDetect=1ms ingestSignal=3ms ingestTotal=44ms signalQueue=1ms execTotal=8ms quoteBuild=26ms deserialize=1ms tipInject=1ms tipLamports=700000 sign=1ms serialize=0ms send=4ms sellRetry=sequential:1/3 sellWinner=#1 status=submitted feed=grpc-pp sender=helius whale=C2AY...
2026-04-25T01:09:01: [priority-fee] refreshed 10000 µlamports (raw=10000)
2026-04-25T01:09:03: [priority-fee] refreshed 10000 µlamports (raw=10000)
2026-04-25T01:09:05: [priority-fee] refreshed 10000 µlamports (raw=10000)
2026-04-25T01:09:07: [priority-fee] refreshed 10000 µlamports (raw=10000)
2026-04-25T01:09:09: [priority-fee] refreshed 10000 µlamports (raw=10000)
2026-04-25T01:09:11: [priority-fee] refreshed 10000 µlamports (raw=10000)
2026-04-25T01:09:13: [priority-fee] refreshed 10000 µlamports (raw=10000)
2026-04-25T01:09:15: [priority-fee] refreshed 10000 µlamports (raw=10000)
2026-04-25T01:09:17: [priority-fee] refreshed 10000 µlamports (raw=10000)
2026-04-25T01:09:19: [priority-fee] refreshed 10000 µlamports (raw=10000)
2026-04-25T01:09:21: [priority-fee] refreshed 10000 µlamports (raw=10000)
2026-04-25T01:09:23: [priority-fee] refreshed 10000 µlamports (raw=10000)
2026-04-25T01:09:25: [priority-fee] refreshed 10000 µlamports (raw=10000)
2026-04-25T01:09:27: [priority-fee] refreshed 10000 µlamports (raw=10000)
2026-04-25T01:09:29: [priority-fee] refreshed 10000 µlamports (raw=10000)
2026-04-25T01:09:31: [priority-fee] refreshed 10000 µlamports (raw=10000)
2026-04-25T01:09:33: [priority-fee] refreshed 10000 µlamports (raw=10000)
2026-04-25T01:09:35: [priority-fee] refreshed 10000 µlamports (raw=10000)
2026-04-25T01:09:37: [priority-fee] refreshed 10000 µlamports (raw=10000)
2026-04-25T01:09:39: [priority-fee] refreshed 10000 µlamports (raw=10000)
2026-04-25T01:09:41: [priority-fee] refreshed 10000 µlamports (raw=10000)
2026-04-25T01:09:43: [priority-fee] refreshed 10000 µlamports (raw=10000)
2026-04-25T01:09:45: [priority-fee] refreshed 10000 µlamports (raw=10000)
2026-04-25T01:09:47: [priority-fee] refreshed 10000 µlamports (raw=10000)
2026-04-25T01:09:49: [priority-fee] refreshed 10000 µlamports (raw=10000)
2026-04-25T01:09:51: [priority-fee] refreshed 10000 µlamports (raw=10000)
2026-04-25T01:09:53: [priority-fee] refreshed 10000 µlamports (raw=10000)
2026-04-25T01:09:55: [priority-fee] refreshed 10000 µlamports (raw=10000)
2026-04-25T01:09:57: [priority-fee] refreshed 10000 µlamports (raw=10000)
2026-04-25T01:09:59: [priority-fee] refreshed 10000 µlamports (raw=10000)
2026-04-25T01:10:01: [priority-fee] refreshed 10000 µlamports (raw=10000)
2026-04-25T01:10:03: [priority-fee] refreshed 10000 µlamports (raw=10000)
2026-04-25T01:10:05: [priority-fee] refreshed 10000 µlamports (raw=10000)
2026-04-25T01:10:07: [priority-fee] refreshed 10000 µlamports (raw=10000)
2026-04-25T01:10:09: [priority-fee] refreshed 10000 µlamports (raw=10000)
2026-04-25T01:10:11: [priority-fee] refreshed 10000 µlamports (raw=10000)
2026-04-25T01:10:13: [priority-fee] refreshed 10000 µlamports (raw=10000)
2026-04-25T01:10:15: [priority-fee] refreshed 10000 µlamports (raw=10000)
2026-04-25T01:10:17: [priority-fee] refreshed 10000 µlamports (raw=10000)
2026-04-25T01:10:19: [priority-fee] refreshed 10000 µlamports (raw=10000)
2026-04-25T01:10:21: [priority-fee] refreshed 10000 µlamports (raw=10000)
2026-04-25T01:10:23: [priority-fee] refreshed 10000 µlamports (raw=10000)
2026-04-25T01:10:25: [priority-fee] refreshed 10000 µlamports (raw=10000)
2026-04-25T01:10:27: [priority-fee] refreshed 10000 µlamports (raw=10000)
2026-04-25T01:10:29: [priority-fee] refreshed 10000 µlamports (raw=10000)
2026-04-25T01:10:31: [priority-fee] refreshed 10000 µlamports (raw=10000)
2026-04-25T01:10:33: [priority-fee] refreshed 10000 µlamports (raw=10000)
2026-04-25T01:10:35: [priority-fee] refreshed 10000 µlamports (raw=10000)
2026-04-25T01:10:37: [priority-fee] refreshed 10000 µlamports (raw=10000)
2026-04-25T01:10:39: [priority-fee] refreshed 10000 µlamports (raw=10000)
2026-04-25T01:10:41: [priority-fee] refreshed 10000 µlamports (raw=10000)
2026-04-25T01:10:43: [priority-fee] refreshed 10000 µlamports (raw=10000)
2026-04-25T01:10:45: [priority-fee] refreshed 10000 µlamports (raw=10000)
2026-04-25T01:10:47: [priority-fee] refreshed 10000 µlamports (raw=10000)
2026-04-25T01:10:49: [priority-fee] refreshed 10000 µlamports (raw=10000)
2026-04-25T01:10:51: [priority-fee] refreshed 10000 µlamports (raw=10000)
2026-04-25T01:10:53: [priority-fee] refreshed 10000 µlamports (raw=10000)
2026-04-25T01:10:55: [priority-fee] refreshed 10000 µlamports (raw=10000)
2026-04-25T01:10:57: [priority-fee] refreshed 10000 µlamports (raw=10000)
2026-04-25T01:10:59: [priority-fee] refreshed 10000 µlamports (raw=10000)
2026-04-25T01:11:01: [priority-fee] refreshed 10000 µlamports (raw=10000)
2026-04-25T01:11:03: [priority-fee] refreshed 10000 µlamports (raw=10000)
2026-04-25T01:11:05: [priority-fee] refreshed 10000 µlamports (raw=10000)
2026-04-25T01:11:07: [priority-fee] refreshed 10000 µlamports (raw=10000)
2026-04-25T01:11:09: [priority-fee] refreshed 10000 µlamports (raw=10000)
2026-04-25T01:11:11: [priority-fee] refreshed 10000 µlamports (raw=10000)
2026-04-25T01:11:13: [priority-fee] refreshed 10000 µlamports (raw=10000)
2026-04-25T01:11:14: [shutdown] SIGINT — flushing state
2026-04-25T01:11:14: [persistence] final async save OK
2026-04-25T01:11:15: 
2026-04-25T01:11:15: ======== laser-helius | active summary ========
2026-04-25T01:11:15: Whale feed: Helius Laserstream PREPROCESSED (instruction-decode) -> laserstream-mainnet-sgp.helius-rpc.com | 8 wallet monitored
2026-04-25T01:11:15: Solana RPC: beta.helius-rpc.com | commitment processed
2026-04-25T01:11:15: Laserstream tx commitment: PREPROCESSED (no meta — decoder reads instruction data only, ~50–150ms earlier than confirmed)
2026-04-25T01:11:15: Jupiter: https://lite-api.jup.ag/swap/v1 | mode metis_instructions | x-api-key: yes (5, rotating) | warmup quote: on
2026-04-25T01:11:15: Copy: buy 0.1 SOL | min whale buy 0.2 SOL | rebuy on max 4x | follow whale SELL off (sell 100%) | multi-leg net-follow on ratio<=0.25 | slippage 50 bps | persistent WSOL on | startup prewrap on target 1 SOL reserve 0.08 SOL
2026-04-25T01:11:15: Execution: processed | sender helius | tip buy:400000 sell:700000 | fast-ack on | max 3 parallel swap | dedup whale tx 0 ms
2026-04-25T01:11:15: Telegram: on | command polling: yes
2026-04-25T01:11:15: Debug: WHALE_DEBUG pipeline on (verbose)
2026-04-25T01:11:15: Latency log: on
2026-04-25T01:11:15: Perf cache: wallet SOL/token TTL 200ms
2026-04-25T01:11:15: ==============================================
2026-04-25T01:11:15: 
2026-04-25T01:11:15: [history-store] restored 2 trade(s), counters buy=1 sell=1 failed=0, baseline=0.079995 SOL
2026-04-25T01:11:15: [warmup] endpoint latency: helius-sender=19ms rpc=29ms
2026-04-25T01:11:15: [priority-fee] refreshed 10000 µlamports (raw=10000)
2026-04-25T01:11:16: [startup-wsol] wrapped 0.363930 SOL -> WSOL (after=0.951185 WSOL) sig=9NEEDZFPwtH5...
2026-04-25T01:11:16: [wsol-tracker] init balance=0.951185 SOL
2026-04-25T01:11:16: [wallet] BOT_PUBLIC_KEY=2g3ryt9AZoyPMpPGDprzdp3Hjv2p8iaDuT9RGme6Forb
2026-04-25T01:11:16: [wallet] SOL balance (RPC confirmed): 0.443940 SOL
2026-04-25T01:11:16: [pnl] baseline preserved sol=0.079995 · current=0.443940 · pnl=+0.363945
2026-04-25T01:11:17: [history] helius tx restore: pages=1 fetched=2 added=0 skipped=2
2026-04-25T01:11:17: [laser-helius] Telegram: startup summary delivered
2026-04-25T01:11:17: [laser-helius] starting whale listener (Laserstream / WSS)…
2026-04-25T01:11:17: [laserstream-pp] subscribed PREPROCESSED · 8 whale(s) · endpoint laserstream-mainnet-sgp.helius-rpc.com
2026-04-25T01:11:17: [whale-debug] preprocessed instruction-decode pipeline (no meta — sellFraction = full balance)
2026-04-25T01:11:17: [laser-helius] whale listener connected
2026-04-25T01:11:17: [pool-stream] subscribed PROCESSED pools=0
2026-04-25T01:11:17: [laser-helius] pool account stream connected
2026-04-25T01:11:17: [auto-sell] watcher enabled globalTtl=120min overrides=1 check=60s
2026-04-25T01:11:17: [control] API listening on 127.0.0.1:9092
2026-04-25T01:11:17: [priority-fee] refreshed 10000 µlamports (raw=10000)
2026-04-25T01:11:19: [priority-fee] refreshed 10000 µlamports (raw=10000)
2026-04-25T01:11:21: [priority-fee] refreshed 10000 µlamports (raw=10000)
2026-04-25T01:11:23: [priority-fee] refreshed 10000 µlamports (raw=10000)
2026-04-25T01:11:25: [priority-fee] refreshed 10000 µlamports (raw=10000)
2026-04-25T01:11:27: [priority-fee] refreshed 10000 µlamports (raw=10000)
2026-04-25T01:11:29: [priority-fee] refreshed 10000 µlamports (raw=10000)
2026-04-25T01:11:31: [priority-fee] refreshed 10000 µlamports (raw=10000)
2026-04-25T01:11:33: [priority-fee] refreshed 10000 µlamports (raw=10000)
2026-04-25T01:11:35: [priority-fee] refreshed 10000 µlamports (raw=10000)
2026-04-25T01:11:37: [priority-fee] refreshed 10000 µlamports (raw=10000)
2026-04-25T01:11:39: [priority-fee] refreshed 10000 µlamports (raw=10000)
2026-04-25T01:11:41: [priority-fee] refreshed 10000 µlamports (raw=10000)
2026-04-25T01:11:43: [priority-fee] refreshed 10000 µlamports (raw=10000)
2026-04-25T01:11:45: [priority-fee] refreshed 10000 µlamports (raw=10000)
2026-04-25T01:11:47: [priority-fee] refreshed 10000 µlamports (raw=10000)
2026-04-25T01:11:49: [priority-fee] refreshed 10000 µlamports (raw=10000)
2026-04-25T01:11:51: [priority-fee] refreshed 10000 µlamports (raw=10000)
2026-04-25T01:11:53: [priority-fee] refreshed 10000 µlamports (raw=10000)
2026-04-25T01:11:55: [priority-fee] refreshed 10000 µlamports (raw=10000)
2026-04-25T01:11:57: [priority-fee] refreshed 10000 µlamports (raw=10000)
2026-04-25T01:11:59: [priority-fee] refreshed 10000 µlamports (raw=10000)
2026-04-25T01:12:01: [priority-fee] refreshed 10000 µlamports (raw=10000)
2026-04-25T01:12:03: [priority-fee] refreshed 10000 µlamports (raw=10000)
2026-04-25T01:12:05: [priority-fee] refreshed 10000 µlamports (raw=10000)
2026-04-25T01:12:07: [priority-fee] refreshed 10000 µlamports (raw=10000)
2026-04-25T01:12:09: [priority-fee] refreshed 10000 µlamports (raw=10000)
2026-04-25T01:12:11: [priority-fee] refreshed 10000 µlamports (raw=10000)
2026-04-25T01:12:13: [priority-fee] refreshed 10000 µlamports (raw=10000)
2026-04-25T01:12:15: [priority-fee] refreshed 10000 µlamports (raw=10000)
2026-04-25T01:12:17: [priority-fee] refreshed 10000 µlamports (raw=10000)
2026-04-25T01:12:19: [priority-fee] refreshed 10000 µlamports (raw=10000)
2026-04-25T01:12:21: [priority-fee] refreshed 10000 µlamports (raw=10000)
2026-04-25T01:12:23: [priority-fee] refreshed 10000 µlamports (raw=10000)
2026-04-25T01:12:25: [priority-fee] refreshed 10000 µlamports (raw=10000)
2026-04-25T01:12:27: [priority-fee] refreshed 10000 µlamports (raw=10000)
2026-04-25T01:12:29: [priority-fee] refreshed 10000 µlamports (raw=10000)
2026-04-25T01:12:31: [priority-fee] refreshed 10000 µlamports (raw=10000)
2026-04-25T01:12:33: [priority-fee] refreshed 10000 µlamports (raw=10000)
2026-04-25T01:12:35: [priority-fee] refreshed 10000 µlamports (raw=10000)
2026-04-25T01:12:37: [priority-fee] refreshed 10000 µlamports (raw=10000)
2026-04-25T01:12:39: [priority-fee] refreshed 10000 µlamports (raw=10000)
2026-04-25T01:12:41: [priority-fee] refreshed 10000 µlamports (raw=10000)
2026-04-25T01:12:43: [priority-fee] refreshed 10000 µlamports (raw=10000)
2026-04-25T01:12:45: [priority-fee] refreshed 10000 µlamports (raw=10000)
2026-04-25T01:12:47: [priority-fee] refreshed 10000 µlamports (raw=10000)
2026-04-25T01:12:49: [priority-fee] refreshed 10000 µlamports (raw=10000)
2026-04-25T01:12:51: [priority-fee] refreshed 10000 µlamports (raw=10000)
2026-04-25T01:12:53: [priority-fee] refreshed 10000 µlamports (raw=10000)
2026-04-25T01:12:55: [priority-fee] refreshed 10000 µlamports (raw=10000)
2026-04-25T01:12:57: [priority-fee] refreshed 10000 µlamports (raw=10000)
2026-04-25T01:12:59: [priority-fee] refreshed 10000 µlamports (raw=10000)
2026-04-25T01:13:01: [priority-fee] refreshed 10000 µlamports (raw=10000)
2026-04-25T01:13:03: [priority-fee] refreshed 10000 µlamports (raw=10000)
2026-04-25T01:13:05: [priority-fee] refreshed 10000 µlamports (raw=10000)
2026-04-25T01:13:07: [priority-fee] refreshed 10000 µlamports (raw=10000)
2026-04-25T01:13:09: [priority-fee] refreshed 10000 µlamports (raw=10000)
2026-04-25T01:13:11: [priority-fee] refreshed 10000 µlamports (raw=10000)
2026-04-25T01:13:13: [priority-fee] refreshed 10000 µlamports (raw=10000)
2026-04-25T01:13:15: [priority-fee] refreshed 10000 µlamports (raw=10000)
2026-04-25T01:13:17: [priority-fee] refreshed 10000 µlamports (raw=10000)
2026-04-25T01:13:19: [priority-fee] refreshed 10000 µlamports (raw=10000)
2026-04-25T01:13:21: [priority-fee] refreshed 10000 µlamports (raw=10000)
2026-04-25T01:13:23: [priority-fee] refreshed 10000 µlamports (raw=10000)
2026-04-25T01:13:25: [priority-fee] refreshed 10000 µlamports (raw=10000)
2026-04-25T01:13:27: [priority-fee] refreshed 10000 µlamports (raw=10000)
2026-04-25T01:13:29: [priority-fee] refreshed 10000 µlamports (raw=10000)
2026-04-25T01:13:31: [priority-fee] refreshed 10000 µlamports (raw=10000)
2026-04-25T01:13:33: [priority-fee] refreshed 10000 µlamports (raw=10000)
2026-04-25T01:13:35: [priority-fee] refreshed 10000 µlamports (raw=10000)
2026-04-25T01:13:37: [priority-fee] refreshed 10000 µlamports (raw=10000)
2026-04-25T01:13:39: [priority-fee] refreshed 10000 µlamports (raw=10000)
2026-04-25T01:13:41: [priority-fee] refreshed 10000 µlamports (raw=10000)
2026-04-25T01:13:43: [priority-fee] refreshed 10000 µlamports (raw=10000)
2026-04-25T01:13:45: [priority-fee] refreshed 10000 µlamports (raw=10000)
2026-04-25T01:13:47: [priority-fee] refreshed 10000 µlamports (raw=10000)
2026-04-25T01:13:49: [priority-fee] refreshed 10000 µlamports (raw=10000)
2026-04-25T01:13:51: [priority-fee] refreshed 10000 µlamports (raw=10000)
2026-04-25T01:13:53: [priority-fee] refreshed 10000 µlamports (raw=10000)
2026-04-25T01:13:55: [priority-fee] refreshed 10000 µlamports (raw=10000)
2026-04-25T01:13:57: [priority-fee] refreshed 10000 µlamports (raw=10000)
2026-04-25T01:13:59: [priority-fee] refreshed 10000 µlamports (raw=10000)
2026-04-25T01:14:01: [priority-fee] refreshed 10000 µlamports (raw=10000)
2026-04-25T01:14:03: [priority-fee] refreshed 10000 µlamports (raw=10000)
2026-04-25T01:14:05: [priority-fee] refreshed 10000 µlamports (raw=10000)
2026-04-25T01:14:07: [priority-fee] refreshed 10000 µlamports (raw=10000)
2026-04-25T01:14:09: [priority-fee] refreshed 10000 µlamports (raw=10000)
2026-04-25T01:14:11: [priority-fee] refreshed 10000 µlamports (raw=10000)
2026-04-25T01:14:13: [priority-fee] refreshed 10000 µlamports (raw=10000)
2026-04-25T01:14:15: [priority-fee] refreshed 10000 µlamports (raw=10000)
2026-04-25T01:14:17: [priority-fee] refreshed 10000 µlamports (raw=10000)
2026-04-25T01:14:19: [priority-fee] refreshed 10000 µlamports (raw=10000)
2026-04-25T01:14:21: [priority-fee] refreshed 10000 µlamports (raw=10000)
2026-04-25T01:14:23: [priority-fee] refreshed 10000 µlamports (raw=10000)
2026-04-25T01:14:25: [priority-fee] refreshed 10000 µlamports (raw=10000)
2026-04-25T01:14:27: [priority-fee] refreshed 10000 µlamports (raw=10000)
2026-04-25T01:14:29: [priority-fee] refreshed 10000 µlamports (raw=10000)
2026-04-25T01:14:31: [priority-fee] refreshed 10000 µlamports (raw=10000)
2026-04-25T01:14:33: [priority-fee] refreshed 10000 µlamports (raw=10000)
2026-04-25T01:14:35: [priority-fee] refreshed 10000 µlamports (raw=10000)
2026-04-25T01:14:37: [priority-fee] refreshed 10000 µlamports (raw=10000)
2026-04-25T01:14:39: [priority-fee] refreshed 10000 µlamports (raw=10000)
2026-04-25T01:14:41: [priority-fee] refreshed 10000 µlamports (raw=10000)
2026-04-25T01:14:43: [priority-fee] refreshed 10000 µlamports (raw=10000)
2026-04-25T01:14:45: [priority-fee] refreshed 10000 µlamports (raw=10000)
2026-04-25T01:14:47: [priority-fee] refreshed 10000 µlamports (raw=10000)
2026-04-25T01:14:49: [priority-fee] refreshed 10000 µlamports (raw=10000)
2026-04-25T01:14:51: [priority-fee] refreshed 10000 µlamports (raw=10000)
2026-04-25T01:14:53: [priority-fee] refreshed 10000 µlamports (raw=10000)
2026-04-25T01:14:55: [priority-fee] refreshed 10000 µlamports (raw=10000)
2026-04-25T01:14:57: [priority-fee] refreshed 10000 µlamports (raw=10000)
2026-04-25T01:14:59: [priority-fee] refreshed 10000 µlamports (raw=10000)
2026-04-25T01:15:01: [priority-fee] refreshed 10000 µlamports (raw=10000)
2026-04-25T01:15:03: [priority-fee] refreshed 10000 µlamports (raw=10000)
2026-04-25T01:15:05: [priority-fee] refreshed 10000 µlamports (raw=10000)
2026-04-25T01:15:07: [priority-fee] refreshed 10000 µlamports (raw=10000)
2026-04-25T01:15:09: [priority-fee] refreshed 10000 µlamports (raw=10000)
2026-04-25T01:15:11: [priority-fee] refreshed 10000 µlamports (raw=10000)
2026-04-25T01:15:14: [priority-fee] refreshed 10000 µlamports (raw=10000)
2026-04-25T01:15:15: [priority-fee] refreshed 10000 µlamports (raw=10000)
2026-04-25T01:15:17: [priority-fee] refreshed 10000 µlamports (raw=10000)
2026-04-25T01:15:19: [priority-fee] refreshed 10000 µlamports (raw=10000)
2026-04-25T01:15:21: [priority-fee] refreshed 10000 µlamports (raw=10000)
2026-04-25T01:15:23: [priority-fee] refreshed 10000 µlamports (raw=10000)
2026-04-25T01:15:25: [priority-fee] refreshed 10000 µlamports (raw=10000)
2026-04-25T01:15:27: [priority-fee] refreshed 10000 µlamports (raw=10000)
2026-04-25T01:15:30: [priority-fee] refreshed 10000 µlamports (raw=10000)
2026-04-25T01:15:31: [priority-fee] refreshed 10000 µlamports (raw=10000)
2026-04-25T01:15:33: [priority-fee] refreshed 10000 µlamports (raw=10000)
2026-04-25T01:15:35: [priority-fee] refreshed 10000 µlamports (raw=10000)
2026-04-25T01:15:37: [priority-fee] refreshed 10000 µlamports (raw=10000)
2026-04-25T01:15:39: [priority-fee] refreshed 10000 µlamports (raw=10000)
2026-04-25T01:15:41: [priority-fee] refreshed 10000 µlamports (raw=10000)
2026-04-25T01:15:43: [priority-fee] refreshed 10000 µlamports (raw=10000)
2026-04-25T01:15:45: [priority-fee] refreshed 10000 µlamports (raw=10000)
2026-04-25T01:15:48: [priority-fee] refreshed 10000 µlamports (raw=10000)
2026-04-25T01:15:49: [priority-fee] refreshed 10000 µlamports (raw=10000)
2026-04-25T01:15:51: [priority-fee] refreshed 10000 µlamports (raw=10000)
2026-04-25T01:15:53: [priority-fee] refreshed 10000 µlamports (raw=10000)
2026-04-25T01:15:55: [priority-fee] refreshed 10000 µlamports (raw=10000)
2026-04-25T01:15:57: [priority-fee] refreshed 10000 µlamports (raw=10000)
2026-04-25T01:15:59: [priority-fee] refreshed 10000 µlamports (raw=10000)
2026-04-25T01:16:01: [priority-fee] refreshed 10000 µlamports (raw=10000)
2026-04-25T01:16:03: [priority-fee] refreshed 10000 µlamports (raw=10000)
2026-04-25T01:16:05: [priority-fee] refreshed 10000 µlamports (raw=10000)
2026-04-25T01:16:07: [priority-fee] refreshed 10000 µlamports (raw=10000)
2026-04-25T01:16:09: [priority-fee] refreshed 10000 µlamports (raw=10000)
2026-04-25T01:16:12: [priority-fee] refreshed 10000 µlamports (raw=10000)
2026-04-25T01:16:14: [priority-fee] refreshed 10000 µlamports (raw=10000)
2026-04-25T01:16:16: [priority-fee] refreshed 10000 µlamports (raw=10000)
2026-04-25T01:16:18: [priority-fee] refreshed 10000 µlamports (raw=10000)
2026-04-25T01:16:20: [priority-fee] refreshed 10000 µlamports (raw=10000)
2026-04-25T01:16:22: [priority-fee] refreshed 10000 µlamports (raw=10000)
2026-04-25T01:16:24: [priority-fee] refreshed 10000 µlamports (raw=10000)
2026-04-25T01:16:26: [priority-fee] refreshed 10000 µlamports (raw=10000)
2026-04-25T01:16:28: [priority-fee] refreshed 10000 µlamports (raw=10000)
2026-04-25T01:16:30: [priority-fee] refreshed 10000 µlamports (raw=10000)
2026-04-25T01:16:32: [priority-fee] refreshed 10000 µlamports (raw=10000)
2026-04-25T01:16:34: [priority-fee] refreshed 10000 µlamports (raw=10000)
2026-04-25T01:16:36: [priority-fee] refreshed 10000 µlamports (raw=10000)
2026-04-25T01:16:38: [priority-fee] refreshed 10000 µlamports (raw=10000)
2026-04-25T01:16:40: [priority-fee] refreshed 10000 µlamports (raw=10000)
2026-04-25T01:16:42: [priority-fee] refreshed 10000 µlamports (raw=10000)
2026-04-25T01:16:44: [priority-fee] refreshed 10000 µlamports (raw=10000)
2026-04-25T01:16:46: [priority-fee] refreshed 10000 µlamports (raw=10000)
2026-04-25T01:16:48: [priority-fee] refreshed 10000 µlamports (raw=10000)
2026-04-25T01:16:50: [priority-fee] refreshed 10000 µlamports (raw=10000)
2026-04-25T01:16:52: [priority-fee] refreshed 10000 µlamports (raw=10000)
2026-04-25T01:16:54: [priority-fee] refreshed 10000 µlamports (raw=10000)
2026-04-25T01:16:56: [priority-fee] refreshed 10000 µlamports (raw=10000)
2026-04-25T01:16:58: [priority-fee] refreshed 10000 µlamports (raw=10000)
2026-04-25T01:17:00: [priority-fee] refreshed 10000 µlamports (raw=10000)
2026-04-25T01:17:02: [priority-fee] refreshed 10000 µlamports (raw=10000)
2026-04-25T01:17:04: [priority-fee] refreshed 10000 µlamports (raw=10000)
2026-04-25T01:17:06: [priority-fee] refreshed 10000 µlamports (raw=10000)
2026-04-25T01:17:08: [priority-fee] refreshed 10000 µlamports (raw=10000)
2026-04-25T01:17:10: [priority-fee] refreshed 10000 µlamports (raw=10000)
2026-04-25T01:17:12: [priority-fee] refreshed 10000 µlamports (raw=10000)
2026-04-25T01:17:14: [priority-fee] refreshed 10000 µlamports (raw=10000)
2026-04-25T01:17:16: [priority-fee] refreshed 10000 µlamports (raw=10000)
2026-04-25T01:17:18: [priority-fee] refreshed 10000 µlamports (raw=10000)
2026-04-25T01:17:20: [priority-fee] refreshed 10000 µlamports (raw=10000)
2026-04-25T01:17:22: [priority-fee] refreshed 10000 µlamports (raw=10000)
2026-04-25T01:17:24: [priority-fee] refreshed 10000 µlamports (raw=10000)
2026-04-25T01:17:26: [priority-fee] refreshed 10000 µlamports (raw=10000)
2026-04-25T01:17:28: [priority-fee] refreshed 10000 µlamports (raw=10000)
2026-04-25T01:17:30: [priority-fee] refreshed 10000 µlamports (raw=10000)
2026-04-25T01:17:32: [priority-fee] refreshed 10000 µlamports (raw=10000)
2026-04-25T01:17:34: [priority-fee] refreshed 10000 µlamports (raw=10000)
2026-04-25T01:17:36: [priority-fee] refreshed 10000 µlamports (raw=10000)
2026-04-25T01:17:38: [priority-fee] refreshed 10000 µlamports (raw=10000)
2026-04-25T01:17:40: [priority-fee] refreshed 10000 µlamports (raw=10000)
2026-04-25T01:17:42: [priority-fee] refreshed 10000 µlamports (raw=10000)
2026-04-25T01:17:44: [priority-fee] refreshed 10000 µlamports (raw=10000)
2026-04-25T01:17:46: [priority-fee] refreshed 10000 µlamports (raw=10000)
2026-04-25T01:17:48: [priority-fee] refreshed 10000 µlamports (raw=10000)
2026-04-25T01:17:50: [priority-fee] refreshed 10000 µlamports (raw=10000)
2026-04-25T01:17:52: [priority-fee] refreshed 10000 µlamports (raw=10000)
2026-04-25T01:17:54: [priority-fee] refreshed 10000 µlamports (raw=10000)
2026-04-25T01:17:56: [priority-fee] refreshed 10000 µlamports (raw=10000)
2026-04-25T01:17:58: [priority-fee] refreshed 10000 µlamports (raw=10000)
2026-04-25T01:18:00: [priority-fee] refreshed 10000 µlamports (raw=10000)
2026-04-25T01:18:02: [priority-fee] refreshed 10000 µlamports (raw=10000)
2026-04-25T01:18:04: [priority-fee] refreshed 10000 µlamports (raw=10000)
2026-04-25T01:18:06: [priority-fee] refreshed 10000 µlamports (raw=10000)
2026-04-25T01:18:08: [priority-fee] refreshed 10000 µlamports (raw=10000)
2026-04-25T01:18:10: [priority-fee] refreshed 10000 µlamports (raw=10000)
2026-04-25T01:18:12: [priority-fee] refreshed 10000 µlamports (raw=10000)
2026-04-25T01:18:14: [priority-fee] refreshed 10000 µlamports (raw=10000)
2026-04-25T01:18:16: [priority-fee] refreshed 10000 µlamports (raw=10000)
2026-04-25T01:18:18: [priority-fee] refreshed 10000 µlamports (raw=10000)
2026-04-25T01:18:20: [priority-fee] refreshed 10000 µlamports (raw=10000)
2026-04-25T01:18:22: [priority-fee] refreshed 10000 µlamports (raw=10000)
2026-04-25T01:18:24: [priority-fee] refreshed 10000 µlamports (raw=10000)
2026-04-25T01:18:26: [priority-fee] refreshed 10000 µlamports (raw=10000)
2026-04-25T01:18:28: [priority-fee] refreshed 10000 µlamports (raw=10000)
2026-04-25T01:18:30: [priority-fee] refreshed 10000 µlamports (raw=10000)
2026-04-25T01:18:32: [priority-fee] refreshed 10000 µlamports (raw=10000)
2026-04-25T01:18:34: [priority-fee] refreshed 10000 µlamports (raw=10000)
2026-04-25T01:18:36: [priority-fee] refreshed 10000 µlamports (raw=10000)
2026-04-25T01:18:38: [priority-fee] refreshed 10000 µlamports (raw=10000)
2026-04-25T01:18:40: [priority-fee] refreshed 10000 µlamports (raw=10000)
2026-04-25T01:18:42: [priority-fee] refreshed 10000 µlamports (raw=10000)
2026-04-25T01:18:44: [priority-fee] refreshed 10000 µlamports (raw=10000)
2026-04-25T01:18:46: [priority-fee] refreshed 10000 µlamports (raw=10000)
2026-04-25T01:18:48: [priority-fee] refreshed 10000 µlamports (raw=10000)
2026-04-25T01:18:50: [priority-fee] refreshed 10000 µlamports (raw=10000)
2026-04-25T01:18:52: [priority-fee] refreshed 10000 µlamports (raw=10000)
2026-04-25T01:18:54: [priority-fee] refreshed 10000 µlamports (raw=10000)
2026-04-25T01:18:56: [priority-fee] refreshed 10000 µlamports (raw=10000)
2026-04-25T01:18:58: [priority-fee] refreshed 10000 µlamports (raw=10000)
2026-04-25T01:19:00: [priority-fee] refreshed 10000 µlamports (raw=10000)
2026-04-25T01:19:02: [priority-fee] refreshed 10000 µlamports (raw=10000)
2026-04-25T01:19:04: [priority-fee] refreshed 10000 µlamports (raw=10000)
2026-04-25T01:19:06: [priority-fee] refreshed 10000 µlamports (raw=10000)
2026-04-25T01:19:08: [priority-fee] refreshed 10000 µlamports (raw=10000)
2026-04-25T01:19:10: [priority-fee] refreshed 10000 µlamports (raw=10000)
2026-04-25T01:19:12: [priority-fee] refreshed 10000 µlamports (raw=10000)
2026-04-25T01:19:14: [priority-fee] refreshed 10000 µlamports (raw=10000)
2026-04-25T01:19:16: [priority-fee] refreshed 10000 µlamports (raw=10000)
2026-04-25T01:19:18: [priority-fee] refreshed 10000 µlamports (raw=10000)
2026-04-25T01:19:20: [priority-fee] refreshed 10000 µlamports (raw=10000)
2026-04-25T01:19:22: [priority-fee] refreshed 10000 µlamports (raw=10000)
2026-04-25T01:19:24: [priority-fee] refreshed 10000 µlamports (raw=10000)
2026-04-25T01:19:26: [priority-fee] refreshed 10000 µlamports (raw=10000)
2026-04-25T01:19:28: [priority-fee] refreshed 10000 µlamports (raw=10000)
2026-04-25T01:19:30: [priority-fee] refreshed 10000 µlamports (raw=10000)
2026-04-25T01:19:32: [priority-fee] refreshed 10000 µlamports (raw=10000)
2026-04-25T01:19:34: [priority-fee] refreshed 10000 µlamports (raw=10000)
2026-04-25T01:19:36: [priority-fee] refreshed 10000 µlamports (raw=10000)
2026-04-25T01:19:38: [priority-fee] refreshed 10000 µlamports (raw=10000)
2026-04-25T01:19:39: [whale-debug] [feed:laserstream-pp] whale:tx SELL amount=0.000000 SOL token=3DZJYfj6... protocol=UNKNOWN
2026-04-25T01:19:40: [priority-fee] refreshed 10000 µlamports (raw=10000)
2026-04-25T01:19:42: [priority-fee] refreshed 10000 µlamports (raw=10000)
2026-04-25T01:19:44: [priority-fee] refreshed 10000 µlamports (raw=10000)
2026-04-25T01:19:46: [priority-fee] refreshed 10000 µlamports (raw=10000)
2026-04-25T01:19:48: [priority-fee] refreshed 10000 µlamports (raw=10000)
2026-04-25T01:19:50: [priority-fee] refreshed 10000 µlamports (raw=10000)
2026-04-25T01:19:52: [priority-fee] refreshed 10000 µlamports (raw=10000)
2026-04-25T01:19:54: [priority-fee] refreshed 10000 µlamports (raw=10000)
2026-04-25T01:19:56: [priority-fee] refreshed 10000 µlamports (raw=10000)
2026-04-25T01:19:58: [priority-fee] refreshed 10000 µlamports (raw=10000)
2026-04-25T01:20:00: [priority-fee] refreshed 10000 µlamports (raw=10000)
2026-04-25T01:20:02: [priority-fee] refreshed 10000 µlamports (raw=10000)
2026-04-25T01:20:04: [priority-fee] refreshed 10000 µlamports (raw=10000)
2026-04-25T01:20:06: [priority-fee] refreshed 10000 µlamports (raw=10000)
2026-04-25T01:20:08: [priority-fee] refreshed 10000 µlamports (raw=10000)
2026-04-25T01:20:10: [priority-fee] refreshed 10000 µlamports (raw=10000)
2026-04-25T01:20:12: [priority-fee] refreshed 10000 µlamports (raw=10000)
2026-04-25T01:20:14: [priority-fee] refreshed 10000 µlamports (raw=10000)
2026-04-25T01:20:16: [priority-fee] refreshed 10000 µlamports (raw=10000)
2026-04-25T01:20:18: [priority-fee] refreshed 10000 µlamports (raw=10000)
2026-04-25T01:20:20: [priority-fee] refreshed 10000 µlamports (raw=10000)
2026-04-25T01:20:22: [priority-fee] refreshed 10000 µlamports (raw=10000)
2026-04-25T01:20:24: [priority-fee] refreshed 10000 µlamports (raw=10000)
2026-04-25T01:20:26: [priority-fee] refreshed 10000 µlamports (raw=10000)
2026-04-25T01:20:28: [priority-fee] refreshed 10000 µlamports (raw=10000)
2026-04-25T01:20:30: [priority-fee] refreshed 10000 µlamports (raw=10000)
2026-04-25T01:20:32: [priority-fee] refreshed 10000 µlamports (raw=10000)
2026-04-25T01:20:34: [priority-fee] refreshed 10000 µlamports (raw=10000)
2026-04-25T01:20:36: [priority-fee] refreshed 10000 µlamports (raw=10000)
2026-04-25T01:20:38: [priority-fee] refreshed 10000 µlamports (raw=10000)
2026-04-25T01:20:40: [priority-fee] refreshed 10000 µlamports (raw=10000)
2026-04-25T01:20:42: [priority-fee] refreshed 10000 µlamports (raw=10000)
2026-04-25T01:20:44: [priority-fee] refreshed 10000 µlamports (raw=10000)
2026-04-25T01:20:46: [priority-fee] refreshed 10000 µlamports (raw=10000)
2026-04-25T01:20:48: [priority-fee] refreshed 10000 µlamports (raw=10000)
2026-04-25T01:20:50: [priority-fee] refreshed 10000 µlamports (raw=10000)
2026-04-25T01:20:52: [priority-fee] refreshed 10000 µlamports (raw=10000)
2026-04-25T01:20:54: [priority-fee] refreshed 10000 µlamports (raw=10000)
2026-04-25T01:20:56: [priority-fee] refreshed 10000 µlamports (raw=10000)
2026-04-25T01:20:58: [priority-fee] refreshed 10000 µlamports (raw=10000)
2026-04-25T01:21:00: [priority-fee] refreshed 10000 µlamports (raw=10000)
2026-04-25T01:21:02: [priority-fee] refreshed 10000 µlamports (raw=10000)
2026-04-25T01:21:04: [priority-fee] refreshed 10000 µlamports (raw=10000)
2026-04-25T01:21:06: [priority-fee] refreshed 10000 µlamports (raw=10000)
2026-04-25T01:21:08: [priority-fee] refreshed 10000 µlamports (raw=10000)
2026-04-25T01:21:10: [priority-fee] refreshed 10000 µlamports (raw=10000)
2026-04-25T01:21:12: [priority-fee] refreshed 10000 µlamports (raw=10000)
2026-04-25T01:21:14: [priority-fee] refreshed 10000 µlamports (raw=10000)
2026-04-25T01:21:16: [priority-fee] refreshed 10000 µlamports (raw=10000)
2026-04-25T01:21:18: [priority-fee] refreshed 10000 µlamports (raw=10000)
2026-04-25T01:21:20: [priority-fee] refreshed 10000 µlamports (raw=10000)
2026-04-25T01:21:22: [priority-fee] refreshed 10000 µlamports (raw=10000)
2026-04-25T01:21:24: [priority-fee] refreshed 10000 µlamports (raw=10000)
2026-04-25T01:21:26: [priority-fee] refreshed 10000 µlamports (raw=10000)
2026-04-25T01:21:28: [priority-fee] refreshed 10000 µlamports (raw=10000)
2026-04-25T01:21:30: [priority-fee] refreshed 10000 µlamports (raw=10000)
2026-04-25T01:21:32: [priority-fee] refreshed 10000 µlamports (raw=10000)
2026-04-25T01:21:34: [priority-fee] refreshed 10000 µlamports (raw=10000)
2026-04-25T01:21:36: [priority-fee] refreshed 10000 µlamports (raw=10000)
2026-04-25T01:21:38: [priority-fee] refreshed 10000 µlamports (raw=10000)
2026-04-25T01:21:40: [priority-fee] refreshed 10000 µlamports (raw=10000)
2026-04-25T01:21:42: [priority-fee] refreshed 10000 µlamports (raw=10000)
2026-04-25T01:21:44: [priority-fee] refreshed 10000 µlamports (raw=10000)
2026-04-25T01:21:46: [priority-fee] refreshed 10000 µlamports (raw=10000)
2026-04-25T01:21:48: [priority-fee] refreshed 10000 µlamports (raw=10000)
2026-04-25T01:21:50: [priority-fee] refreshed 10000 µlamports (raw=10000)
2026-04-25T01:21:52: [priority-fee] refreshed 10000 µlamports (raw=10000)
2026-04-25T01:21:54: [priority-fee] refreshed 10000 µlamports (raw=10000)
2026-04-25T01:21:56: [priority-fee] refreshed 10000 µlamports (raw=10000)
2026-04-25T01:21:58: [priority-fee] refreshed 10000 µlamports (raw=10000)
2026-04-25T01:22:00: [priority-fee] refreshed 10000 µlamports (raw=10000)
2026-04-25T01:22:02: [priority-fee] refreshed 10000 µlamports (raw=10000)
2026-04-25T01:22:04: [priority-fee] refreshed 10000 µlamports (raw=10000)
2026-04-25T01:22:06: [priority-fee] refreshed 10000 µlamports (raw=10000)
2026-04-25T01:22:08: [priority-fee] refreshed 10000 µlamports (raw=10000)
2026-04-25T01:22:10: [priority-fee] refreshed 10000 µlamports (raw=10000)
2026-04-25T01:22:12: [priority-fee] refreshed 10000 µlamports (raw=10000)
2026-04-25T01:22:14: [priority-fee] refreshed 10000 µlamports (raw=10000)
2026-04-25T01:22:16: [priority-fee] refreshed 10000 µlamports (raw=10000)
2026-04-25T01:22:18: [priority-fee] refreshed 10000 µlamports (raw=10000)
2026-04-25T01:22:20: [priority-fee] refreshed 10000 µlamports (raw=10000)
2026-04-25T01:22:22: [priority-fee] refreshed 10000 µlamports (raw=10000)
2026-04-25T01:22:24: [priority-fee] refreshed 10000 µlamports (raw=10000)
2026-04-25T01:22:26: [priority-fee] refreshed 10000 µlamports (raw=10000)
2026-04-25T01:22:28: [priority-fee] refreshed 10000 µlamports (raw=10000)
2026-04-25T01:22:30: [priority-fee] refreshed 10000 µlamports (raw=10000)
2026-04-25T01:22:32: [priority-fee] refreshed 10000 µlamports (raw=10000)
2026-04-25T01:22:34: [priority-fee] refreshed 10000 µlamports (raw=10000)
2026-04-25T01:22:36: [priority-fee] refreshed 10000 µlamports (raw=10000)
2026-04-25T01:22:38: [priority-fee] refreshed 10000 µlamports (raw=10000)
2026-04-25T01:22:40: [priority-fee] refreshed 10000 µlamports (raw=10000)
2026-04-25T01:22:42: [priority-fee] refreshed 10000 µlamports (raw=10000)
2026-04-25T01:22:44: [priority-fee] refreshed 10000 µlamports (raw=10000)
2026-04-25T01:22:46: [priority-fee] refreshed 10000 µlamports (raw=10000)
2026-04-25T01:22:48: [priority-fee] refreshed 10000 µlamports (raw=10000)
2026-04-25T01:22:50: [priority-fee] refreshed 10000 µlamports (raw=10000)
2026-04-25T01:22:52: [priority-fee] refreshed 10000 µlamports (raw=10000)
2026-04-25T01:22:54: [priority-fee] refreshed 10000 µlamports (raw=10000)
2026-04-25T01:22:56: [priority-fee] refreshed 10000 µlamports (raw=10000)
2026-04-25T01:22:58: [priority-fee] refreshed 10000 µlamports (raw=10000)
2026-04-25T01:23:00: [priority-fee] refreshed 10000 µlamports (raw=10000)
2026-04-25T01:23:02: [priority-fee] refreshed 10000 µlamports (raw=10000)
2026-04-25T01:23:04: [priority-fee] refreshed 10000 µlamports (raw=10000)
2026-04-25T01:23:06: [priority-fee] refreshed 10000 µlamports (raw=10000)
2026-04-25T01:23:08: [priority-fee] refreshed 10000 µlamports (raw=10000)
2026-04-25T01:23:10: [priority-fee] refreshed 10000 µlamports (raw=10000)
2026-04-25T01:23:12: [priority-fee] refreshed 10000 µlamports (raw=10000)
2026-04-25T01:23:14: [priority-fee] refreshed 10000 µlamports (raw=10000)
2026-04-25T01:23:16: [priority-fee] refreshed 10000 µlamports (raw=10000)
2026-04-25T01:23:18: [priority-fee] refreshed 10000 µlamports (raw=10000)
2026-04-25T01:23:20: [priority-fee] refreshed 10000 µlamports (raw=10000)
2026-04-25T01:23:22: [priority-fee] refreshed 10000 µlamports (raw=10000)
2026-04-25T01:23:24: [priority-fee] refreshed 10000 µlamports (raw=10000)
2026-04-25T01:23:26: [priority-fee] refreshed 10000 µlamports (raw=10000)
2026-04-25T01:23:28: [priority-fee] refreshed 10000 µlamports (raw=10000)
2026-04-25T01:23:30: [priority-fee] refreshed 10000 µlamports (raw=10000)
2026-04-25T01:23:32: [priority-fee] refreshed 10000 µlamports (raw=10000)
2026-04-25T01:23:34: [priority-fee] refreshed 10000 µlamports (raw=10000)
2026-04-25T01:23:36: [priority-fee] refreshed 10000 µlamports (raw=10000)
2026-04-25T01:23:38: [priority-fee] refreshed 10000 µlamports (raw=10000)
2026-04-25T01:23:40: [priority-fee] refreshed 10000 µlamports (raw=10000)
2026-04-25T01:23:42: [priority-fee] refreshed 10000 µlamports (raw=10000)
2026-04-25T01:23:44: [priority-fee] refreshed 10000 µlamports (raw=10000)
2026-04-25T01:23:46: [priority-fee] refreshed 10000 µlamports (raw=10000)
2026-04-25T01:23:48: [priority-fee] refreshed 10000 µlamports (raw=10000)
2026-04-25T01:23:50: [priority-fee] refreshed 10000 µlamports (raw=10000)
2026-04-25T01:23:52: [priority-fee] refreshed 10000 µlamports (raw=10000)
2026-04-25T01:23:54: [priority-fee] refreshed 10000 µlamports (raw=10000)
2026-04-25T01:23:56: [priority-fee] refreshed 10000 µlamports (raw=10000)
2026-04-25T01:23:58: [priority-fee] refreshed 10000 µlamports (raw=10000)
2026-04-25T01:24:00: [priority-fee] refreshed 10000 µlamports (raw=10000)
2026-04-25T01:24:02: [priority-fee] refreshed 10000 µlamports (raw=10000)
2026-04-25T01:24:04: [priority-fee] refreshed 10000 µlamports (raw=10000)
2026-04-25T01:24:06: [priority-fee] refreshed 10000 µlamports (raw=10000)
2026-04-25T01:24:08: [priority-fee] refreshed 10000 µlamports (raw=10000)
2026-04-25T01:24:10: [priority-fee] refreshed 10000 µlamports (raw=10000)
2026-04-25T01:24:12: [priority-fee] refreshed 10000 µlamports (raw=10000)
2026-04-25T01:24:14: [priority-fee] refreshed 10000 µlamports (raw=10000)
2026-04-25T01:24:16: [priority-fee] refreshed 10000 µlamports (raw=10000)
2026-04-25T01:24:18: [priority-fee] refreshed 10000 µlamports (raw=10000)
2026-04-25T01:24:20: [priority-fee] refreshed 10000 µlamports (raw=10000)
2026-04-25T01:24:22: [priority-fee] refreshed 10000 µlamports (raw=10000)
2026-04-25T01:24:24: [priority-fee] refreshed 10000 µlamports (raw=10000)
2026-04-25T01:24:26: [priority-fee] refreshed 10000 µlamports (raw=10000)
2026-04-25T01:24:28: [priority-fee] refreshed 10000 µlamports (raw=10000)
2026-04-25T01:24:30: [priority-fee] refreshed 10000 µlamports (raw=10000)
2026-04-25T01:24:32: [priority-fee] refreshed 10000 µlamports (raw=10000)
2026-04-25T01:24:34: [priority-fee] refreshed 10000 µlamports (raw=10000)
2026-04-25T01:24:36: [priority-fee] refreshed 10000 µlamports (raw=10000)
2026-04-25T01:24:36: [whale-debug] [feed:laserstream-pp] whale:tx BUY amount=5.000000 SOL token=BnXWvsVZ... protocol=UNKNOWN
2026-04-25T01:24:36: [whale-debug] emit signal:trade BUY protocol=UNKNOWN feed=grpc-pp whale=CATjstjd... token=BnXWvsVZ...
2026-04-25T01:24:37: [whale-debug] prebuild cache HIT side=BUY token=BnXWvsVZ... waitMs=52 -> skip duplicate Jupiter call
2026-04-25T01:24:37: [latency] pipeline=74ms ingestDetect=15ms ingestSignal=17ms ingestTotal=89ms signalQueue=4ms execTotal=14ms quoteBuild=52ms deserialize=0ms tipInject=3ms tipLamports=400000 sign=3ms serialize=1ms send=4ms status=submitted feed=grpc-pp sender=helius whale=CATj...
2026-04-25T01:24:38: [priority-fee] refreshed 10000 µlamports (raw=10000)
2026-04-25T01:24:40: [priority-fee] refreshed 10000 µlamports (raw=10000)
2026-04-25T01:24:42: [priority-fee] refreshed 10000 µlamports (raw=10000)
2026-04-25T01:24:44: [priority-fee] refreshed 10000 µlamports (raw=10000)
2026-04-25T01:24:46: [priority-fee] refreshed 10000 µlamports (raw=10000)
2026-04-25T01:24:48: [priority-fee] refreshed 10000 µlamports (raw=10000)
2026-04-25T01:24:50: [priority-fee] refreshed 10000 µlamports (raw=10000)
2026-04-25T01:24:52: [priority-fee] refreshed 10000 µlamports (raw=10000)
2026-04-25T01:24:54: [priority-fee] refreshed 10000 µlamports (raw=10000)
2026-04-25T01:24:56: [priority-fee] refreshed 10000 µlamports (raw=10000)
2026-04-25T01:24:58: [priority-fee] refreshed 10000 µlamports (raw=10000)
2026-04-25T01:25:00: [priority-fee] refreshed 10000 µlamports (raw=10000)
2026-04-25T01:25:02: [priority-fee] refreshed 10000 µlamports (raw=10000)
2026-04-25T01:25:04: [priority-fee] refreshed 10000 µlamports (raw=10000)
2026-04-25T01:25:06: [priority-fee] refreshed 10000 µlamports (raw=10000)
2026-04-25T01:25:07: [whale-debug] [feed:laserstream-pp] whale:tx BUY amount=5.000000 SOL token=BnXWvsVZ... protocol=UNKNOWN
2026-04-25T01:25:07: [whale-debug] emit signal:trade BUY protocol=UNKNOWN feed=grpc-pp whale=CATjstjd... token=BnXWvsVZ...
2026-04-25T01:25:07: [latency] pipeline=60ms ingestDetect=1ms ingestSignal=2ms ingestTotal=61ms signalQueue=3ms execTotal=15ms quoteBuild=41ms deserialize=1ms tipInject=4ms tipLamports=400000 sign=4ms serialize=1ms send=4ms status=submitted feed=grpc-pp sender=helius whale=CATj...
2026-04-25T01:25:08: [priority-fee] refreshed 10000 µlamports (raw=10000)
2026-04-25T01:25:10: [priority-fee] refreshed 10000 µlamports (raw=10000)
2026-04-25T01:25:12: [priority-fee] refreshed 10000 µlamports (raw=10000)
2026-04-25T01:25:14: [priority-fee] refreshed 10000 µlamports (raw=10000)
2026-04-25T01:25:16: [priority-fee] refreshed 10000 µlamports (raw=10000)
2026-04-25T01:25:18: [priority-fee] refreshed 10000 µlamports (raw=10000)
2026-04-25T01:25:20: [priority-fee] refreshed 10000 µlamports (raw=10000)
2026-04-25T01:25:22: [priority-fee] refreshed 10000 µlamports (raw=10000)
2026-04-25T01:25:24: [priority-fee] refreshed 10000 µlamports (raw=10000)
2026-04-25T01:25:26: [priority-fee] refreshed 10000 µlamports (raw=10000)
2026-04-25T01:25:28: [priority-fee] refreshed 10000 µlamports (raw=10000)
2026-04-25T01:25:30: [priority-fee] refreshed 10000 µlamports (raw=10000)
2026-04-25T01:25:32: [priority-fee] refreshed 10000 µlamports (raw=10000)
2026-04-25T01:25:34: [priority-fee] refreshed 10000 µlamports (raw=10000)
2026-04-25T01:25:36: [priority-fee] refreshed 10000 µlamports (raw=10000)
2026-04-25T01:25:38: [priority-fee] refreshed 10000 µlamports (raw=10000)
2026-04-25T01:25:40: [priority-fee] refreshed 10000 µlamports (raw=10000)
2026-04-25T01:25:42: [priority-fee] refreshed 10000 µlamports (raw=10000)
2026-04-25T01:25:44: [priority-fee] refreshed 10000 µlamports (raw=10000)
2026-04-25T01:25:46: [priority-fee] refreshed 10000 µlamports (raw=10000)
2026-04-25T01:25:48: [priority-fee] refreshed 10000 µlamports (raw=10000)
2026-04-25T01:25:50: [priority-fee] refreshed 10000 µlamports (raw=10000)
2026-04-25T01:25:52: [priority-fee] refreshed 10000 µlamports (raw=10000)
2026-04-25T01:25:54: [priority-fee] refreshed 10000 µlamports (raw=10000)
2026-04-25T01:25:56: [priority-fee] refreshed 10000 µlamports (raw=10000)
2026-04-25T01:25:58: [priority-fee] refreshed 10000 µlamports (raw=10000)
2026-04-25T01:26:00: [priority-fee] refreshed 10000 µlamports (raw=10000)
2026-04-25T01:26:02: [priority-fee] refreshed 10000 µlamports (raw=10000)
2026-04-25T01:26:04: [priority-fee] refreshed 10000 µlamports (raw=10000)
2026-04-25T01:26:06: [priority-fee] refreshed 10000 µlamports (raw=10000)
2026-04-25T01:26:08: [priority-fee] refreshed 10000 µlamports (raw=10000)
2026-04-25T01:26:10: [priority-fee] refreshed 10000 µlamports (raw=10000)
2026-04-25T01:26:12: [priority-fee] refreshed 10000 µlamports (raw=10000)
2026-04-25T01:26:14: [priority-fee] refreshed 10000 µlamports (raw=10000)
2026-04-25T01:26:16: [priority-fee] refreshed 10000 µlamports (raw=10000)
2026-04-25T01:26:18: [priority-fee] refreshed 10000 µlamports (raw=10000)
2026-04-25T01:26:20: [priority-fee] refreshed 10000 µlamports (raw=10000)
2026-04-25T01:26:22: [priority-fee] refreshed 10000 µlamports (raw=10000)
2026-04-25T01:26:24: [priority-fee] refreshed 10000 µlamports (raw=10000)
2026-04-25T01:26:26: [priority-fee] refreshed 10000 µlamports (raw=10000)
2026-04-25T01:26:28: [priority-fee] refreshed 10000 µlamports (raw=10000)
2026-04-25T01:26:30: [priority-fee] refreshed 10000 µlamports (raw=10000)
2026-04-25T01:26:32: [priority-fee] refreshed 10000 µlamports (raw=10000)
2026-04-25T01:26:34: [priority-fee] refreshed 10000 µlamports (raw=10000)
2026-04-25T01:26:36: [priority-fee] refreshed 10000 µlamports (raw=10000)
2026-04-25T01:26:38: [priority-fee] refreshed 10000 µlamports (raw=10000)
2026-04-25T01:26:40: [priority-fee] refreshed 10000 µlamports (raw=10000)
2026-04-25T01:26:42: [priority-fee] refreshed 10000 µlamports (raw=10000)
2026-04-25T01:26:44: [priority-fee] refreshed 10000 µlamports (raw=10000)
2026-04-25T01:26:46: [priority-fee] refreshed 10000 µlamports (raw=10000)
2026-04-25T01:26:48: [priority-fee] refreshed 10000 µlamports (raw=10000)
2026-04-25T01:26:50: [priority-fee] refreshed 10000 µlamports (raw=10000)
2026-04-25T01:26:52: [priority-fee] refreshed 10000 µlamports (raw=10000)
2026-04-25T01:26:54: [priority-fee] refreshed 10000 µlamports (raw=10000)
2026-04-25T01:26:56: [priority-fee] refreshed 10000 µlamports (raw=10000)
2026-04-25T01:26:58: [priority-fee] refreshed 10000 µlamports (raw=10000)
2026-04-25T01:27:00: [priority-fee] refreshed 10000 µlamports (raw=10000)
2026-04-25T01:27:02: [priority-fee] refreshed 10000 µlamports (raw=10000)
2026-04-25T01:27:04: [priority-fee] refreshed 10000 µlamports (raw=10000)
2026-04-25T01:27:06: [priority-fee] refreshed 10000 µlamports (raw=10000)
2026-04-25T01:27:08: [priority-fee] refreshed 10000 µlamports (raw=10000)
2026-04-25T01:27:10: [priority-fee] refreshed 10000 µlamports (raw=10000)
2026-04-25T01:27:12: [priority-fee] refreshed 10000 µlamports (raw=10000)
2026-04-25T01:27:14: [priority-fee] refreshed 10000 µlamports (raw=10000)
2026-04-25T01:27:16: [priority-fee] refreshed 10000 µlamports (raw=10000)
2026-04-25T01:27:18: [priority-fee] refreshed 10000 µlamports (raw=10000)
2026-04-25T01:27:20: [priority-fee] refreshed 10000 µlamports (raw=10000)
2026-04-25T01:27:22: [priority-fee] refreshed 10000 µlamports (raw=10000)
2026-04-25T01:27:24: [priority-fee] refreshed 10000 µlamports (raw=10000)
2026-04-25T01:27:26: [priority-fee] refreshed 10000 µlamports (raw=10000)
2026-04-25T01:27:28: [priority-fee] refreshed 10000 µlamports (raw=10000)
2026-04-25T01:27:30: [priority-fee] refreshed 10000 µlamports (raw=10000)
2026-04-25T01:27:32: [priority-fee] refreshed 10000 µlamports (raw=10000)
2026-04-25T01:27:34: [priority-fee] refreshed 10000 µlamports (raw=10000)
2026-04-25T01:27:36: [priority-fee] refreshed 10000 µlamports (raw=10000)
2026-04-25T01:27:38: [priority-fee] refreshed 10000 µlamports (raw=10000)
2026-04-25T01:27:40: [priority-fee] refreshed 10000 µlamports (raw=10000)
2026-04-25T01:27:42: [priority-fee] refreshed 10000 µlamports (raw=10000)
2026-04-25T01:27:44: [priority-fee] refreshed 10000 µlamports (raw=10000)
2026-04-25T01:27:46: [priority-fee] refreshed 10000 µlamports (raw=10000)
2026-04-25T01:27:48: [priority-fee] refreshed 10000 µlamports (raw=10000)
2026-04-25T01:27:50: [priority-fee] refreshed 10000 µlamports (raw=10000)
2026-04-25T01:27:52: [priority-fee] refreshed 10000 µlamports (raw=10000)
2026-04-25T01:27:54: [priority-fee] refreshed 10000 µlamports (raw=10000)
2026-04-25T01:27:56: [priority-fee] refreshed 10000 µlamports (raw=10000)
2026-04-25T01:27:58: [priority-fee] refreshed 10000 µlamports (raw=10000)
2026-04-25T01:28:00: [priority-fee] refreshed 10000 µlamports (raw=10000)
2026-04-25T01:28:02: [priority-fee] refreshed 10000 µlamports (raw=10000)
2026-04-25T01:28:04: [priority-fee] refreshed 10000 µlamports (raw=10000)
2026-04-25T01:28:06: [priority-fee] refreshed 10000 µlamports (raw=10000)
2026-04-25T01:28:08: [priority-fee] refreshed 10000 µlamports (raw=10000)
2026-04-25T01:28:10: [priority-fee] refreshed 10000 µlamports (raw=10000)
2026-04-25T01:28:12: [priority-fee] refreshed 10000 µlamports (raw=10000)
2026-04-25T01:28:14: [priority-fee] refreshed 10000 µlamports (raw=10000)
2026-04-25T01:28:16: [priority-fee] refreshed 10000 µlamports (raw=10000)
2026-04-25T01:28:18: [priority-fee] refreshed 10000 µlamports (raw=10000)
2026-04-25T01:28:20: [priority-fee] refreshed 10000 µlamports (raw=10000)
2026-04-25T01:28:22: [priority-fee] refreshed 10000 µlamports (raw=10000)
2026-04-25T01:28:24: [priority-fee] refreshed 10000 µlamports (raw=10000)
2026-04-25T01:28:26: [priority-fee] refreshed 10000 µlamports (raw=10000)
2026-04-25T01:28:28: [priority-fee] refreshed 10000 µlamports (raw=10000)
2026-04-25T01:28:30: [priority-fee] refreshed 10000 µlamports (raw=10000)
2026-04-25T01:28:32: [priority-fee] refreshed 10000 µlamports (raw=10000)
2026-04-25T01:28:34: [priority-fee] refreshed 10000 µlamports (raw=10000)
2026-04-25T01:28:36: [priority-fee] refreshed 10000 µlamports (raw=10000)
2026-04-25T01:28:38: [priority-fee] refreshed 10000 µlamports (raw=10000)
2026-04-25T01:28:40: [priority-fee] refreshed 10000 µlamports (raw=10000)
2026-04-25T01:28:42: [priority-fee] refreshed 10000 µlamports (raw=10000)
2026-04-25T01:28:44: [priority-fee] refreshed 10000 µlamports (raw=10000)
2026-04-25T01:28:46: [priority-fee] refreshed 10000 µlamports (raw=10000)
2026-04-25T01:28:48: [priority-fee] refreshed 10000 µlamports (raw=10000)
2026-04-25T01:28:50: [priority-fee] refreshed 10000 µlamports (raw=10000)
2026-04-25T01:28:52: [priority-fee] refreshed 10000 µlamports (raw=10000)
2026-04-25T01:28:54: [priority-fee] refreshed 10000 µlamports (raw=10000)
2026-04-25T01:28:56: [priority-fee] refreshed 10000 µlamports (raw=10000)
2026-04-25T01:28:58: [priority-fee] refreshed 10000 µlamports (raw=10000)
2026-04-25T01:29:00: [priority-fee] refreshed 10000 µlamports (raw=10000)
2026-04-25T01:29:02: [priority-fee] refreshed 10000 µlamports (raw=10000)
2026-04-25T01:29:04: [priority-fee] refreshed 10000 µlamports (raw=10000)
2026-04-25T01:29:06: [priority-fee] refreshed 10000 µlamports (raw=10000)
2026-04-25T01:29:08: [priority-fee] refreshed 10000 µlamports (raw=10000)
2026-04-25T01:29:10: [priority-fee] refreshed 10000 µlamports (raw=10000)
2026-04-25T01:29:12: [priority-fee] refreshed 10000 µlamports (raw=10000)
2026-04-25T01:29:14: [priority-fee] refreshed 10000 µlamports (raw=10000)
2026-04-25T01:29:16: [priority-fee] refreshed 10000 µlamports (raw=10000)
2026-04-25T01:29:18: [priority-fee] refreshed 10000 µlamports (raw=10000)
2026-04-25T01:29:20: [priority-fee] refreshed 10000 µlamports (raw=10000)
2026-04-25T01:29:22: [priority-fee] refreshed 10000 µlamports (raw=10000)
2026-04-25T01:29:24: [priority-fee] refreshed 10000 µlamports (raw=10000)
2026-04-25T01:29:26: [priority-fee] refreshed 10000 µlamports (raw=10000)
2026-04-25T01:29:28: [priority-fee] refreshed 10000 µlamports (raw=10000)
2026-04-25T01:29:30: [priority-fee] refreshed 10000 µlamports (raw=10000)
2026-04-25T01:29:32: [priority-fee] refreshed 10000 µlamports (raw=10000)
2026-04-25T01:29:34: [priority-fee] refreshed 10000 µlamports (raw=10000)
2026-04-25T01:29:36: [priority-fee] refreshed 10000 µlamports (raw=10000)
2026-04-25T01:29:38: [priority-fee] refreshed 10000 µlamports (raw=10000)
2026-04-25T01:29:40: [priority-fee] refreshed 10000 µlamports (raw=10000)
2026-04-25T01:29:42: [priority-fee] refreshed 10000 µlamports (raw=10000)
2026-04-25T01:29:44: [priority-fee] refreshed 10000 µlamports (raw=10000)
2026-04-25T01:29:46: [priority-fee] refreshed 10000 µlamports (raw=10000)
